<?xml version="1.0" encoding="UTF-8"?>
<!-- Generated by org.testng.reporters.JUnitXMLReporter -->
<testsuite ignored="0" hostname="DESKTOP-LJNAPK9" failures="0" tests="5" name="Bus Booking Flow" time="253.261" errors="0" timestamp="2025-08-11T13:11:56 IST">
  <testcase classname="tests.BusBookingTest" name="busTicketBookingFlow" time="44.33"/>
  <testcase classname="tests.BusBookingTest" name="busTicketBookingFlow" time="48.194"/>
  <testcase classname="tests.BusBookingTest" name="busTicketBookingFlow" time="45.977"/>
  <testcase classname="tests.BusBookingTest" name="busTicketBookingFlow" time="48.47"/>
  <testcase classname="tests.BusBookingTest" name="busTicketBookingFlow" time="44.947"/>
</testsuite> <!-- Bus Booking Flow -->
