<?xml version="1.0" encoding="UTF-8"?>
<!-- Generated by org.testng.reporters.JUnitXMLReporter -->
<testsuite ignored="0" hostname="DESKTOP-LJNAPK9" failures="0" tests="9" name="Bus Booking Tests" time="38.064" errors="0" timestamp="2025-08-07T16:53:16 IST">
  <testcase classname="tests.BusBookingTest" name="setupBusBooking" time="6.359"/>
  <testcase classname="tests.BusBookingTest" name="verifyBusTitleHeading" time="1.592"/>
  <testcase classname="tests.BusBookingTest" name="clickSelectSeatsButton" time="0.444"/>
  <testcase classname="tests.BusBookingTest" name="selectAvailableSeat" time="1.766"/>
  <testcase classname="tests.BusBookingTest" name="selectBoardingPoint" time="0.29"/>
  <testcase classname="tests.BusBookingTest" name="selectDroppingPoint" time="0.189"/>
  <testcase classname="tests.BusBookingTest" name="clickContinueButton" time="9.601"/>
  <testcase classname="tests.BusBookingTest" name="fillCompleteBookingDetails" time="2.072"/>
  <testcase classname="tests.BusBookingTest" name="verifyPaymentDetails" time="10.6"/>
</testsuite> <!-- Bus Booking Tests -->
