<?xml version="1.0" encoding="UTF-8"?>
<!-- Generated by org.testng.reporters.JUnitXMLReporter -->
<testsuite ignored="0" hostname="DESKTOP-LJNAPK9" failures="0" tests="5" name="Bus Booking Flow" time="250.63" errors="0" timestamp="2025-08-11T14:28:04 IST">
  <testcase classname="tests.BusBookingTest" name="busTicketBookingFlow" time="50.847"/>
  <testcase classname="tests.BusBookingTest" name="busTicketBookingFlow" time="29.95"/>
  <testcase classname="tests.BusBookingTest" name="busTicketBookingFlow" time="28.271"/>
  <testcase classname="tests.BusBookingTest" name="busTicketBookingFlow" time="54.798"/>
  <testcase classname="tests.BusBookingTest" name="busTicketBookingFlow" time="50.332"/>
</testsuite> <!-- Bus Booking Flow -->
