<?xml version="1.0" encoding="UTF-8"?>
<!-- Generated by org.testng.reporters.JUnitXMLReporter -->
<testsuite ignored="0" hostname="DESKTOP-LJNAPK9" failures="1" tests="1" name="Complete Booking Flow" time="0.109" errors="0" timestamp="2025-08-10T15:35:30 IST">
  <testcase classname="tests.CompleteBookingTest" name="fillPassengerDetails" time="0.0">
    <failure type="java.lang.RuntimeException" message="java.lang.RuntimeException: Error reading Excel: Cannot invoke &amp;quot;org.apache.poi.ss.usermodel.Sheet.getRow(int)&amp;quot; because &amp;quot;sheet&amp;quot; is null">
      <![CDATA[java.lang.RuntimeException: java.lang.RuntimeException: Error reading Excel: Cannot invoke "org.apache.poi.ss.usermodel.Sheet.getRow(int)" because "sheet" is null
at java.base/java.util.ArrayList.forEach(ArrayList.java:1596)
Caused by: java.lang.RuntimeException: Error reading Excel: Cannot invoke "org.apache.poi.ss.usermodel.Sheet.getRow(int)" because "sheet" is null
at utils.ExcelUtils.getData(ExcelUtils.java:30)
at dataProviders.ExcelDataProvider.getBookingData(ExcelDataProvider.java:17)
... 25 more
... Removed 30 stack frames]]>
    </failure>
  </testcase> <!-- fillPassengerDetails -->
</testsuite> <!-- Complete Booking Flow -->
