<?xml version="1.0" encoding="UTF-8"?>
<testng-results ignored="0" total="5" passed="5" failed="0" skipped="0">
  <reporter-output>
  </reporter-output>
  <suite started-at="2025-08-11T14:23:53 IST" name="MakeMyTrip_BusBooking_Suite" finished-at="2025-08-11T14:28:04 IST" duration-ms="250630">
    <groups>
    </groups>
    <test started-at="2025-08-11T14:23:53 IST" name="Bus Booking Flow" finished-at="2025-08-11T14:28:04 IST" duration-ms="250630">
      <class name="tests.BusBookingTest">
        <test-method is-config="true" signature="setUp()[pri:0, instance:tests.BusBookingTest@233795b6]" started-at="2025-08-11T14:23:55 IST" name="setUp" finished-at="2025-08-11T14:24:06 IST" duration-ms="10065" status="PASS">
          <reporter-output>
          </reporter-output>
        </test-method> <!-- setUp -->
        <test-method signature="busTicketBookingFlow(java.util.Map)[pri:0, instance:tests.BusBookingTest@233795b6]" started-at="2025-08-11T14:24:06 IST" name="busTicketBookingFlow" data-provider="BusBooking" finished-at="2025-08-11T14:24:56 IST" duration-ms="50847" status="PASS">
          <params>
            <param index="0">
              <value>
                <![CDATA[{MobileNumber=9994050623, Email=vijaysjofficial@gmail.com, travelDate=Aug 22 2025, State=Tamil Nadu, toCity=Chidambaram, Tamil Nadu, Gender=Male, fromCity=Chennai, Tamil Nadu, Age=27, Scenario=From Chennai to Chidambaram, Name=Vijay}]]>
              </value>
            </param>
          </params>
          <reporter-output>
          </reporter-output>
        </test-method> <!-- busTicketBookingFlow -->
        <test-method is-config="true" signature="tearDown()[pri:0, instance:tests.BusBookingTest@233795b6]" started-at="2025-08-11T14:24:56 IST" name="tearDown" finished-at="2025-08-11T14:24:58 IST" duration-ms="1119" status="PASS">
          <reporter-output>
          </reporter-output>
        </test-method> <!-- tearDown -->
        <test-method is-config="true" signature="setUp()[pri:0, instance:tests.BusBookingTest@233795b6]" started-at="2025-08-11T14:24:58 IST" name="setUp" finished-at="2025-08-11T14:25:05 IST" duration-ms="7059" status="PASS">
          <reporter-output>
          </reporter-output>
        </test-method> <!-- setUp -->
        <test-method signature="busTicketBookingFlow(java.util.Map)[pri:0, instance:tests.BusBookingTest@233795b6]" started-at="2025-08-11T14:25:05 IST" name="busTicketBookingFlow" data-provider="BusBooking" finished-at="2025-08-11T14:25:35 IST" duration-ms="29950" status="PASS">
          <params>
            <param index="0">
              <value>
                <![CDATA[{MobileNumber=7395950623, Email=ajayrajendran@gmail.com, travelDate=Aug 24 2025, State=Tamil Nadu, toCity=Karaikal, Tamil Nadu, Gender=Male, fromCity=Chennai, Tamil Nadu, Age=27, Scenario=From Chennai to Mayiladuthurai, Name=Ajay}]]>
              </value>
            </param>
          </params>
          <reporter-output>
          </reporter-output>
        </test-method> <!-- busTicketBookingFlow -->
        <test-method is-config="true" signature="tearDown()[pri:0, instance:tests.BusBookingTest@233795b6]" started-at="2025-08-11T14:25:35 IST" name="tearDown" finished-at="2025-08-11T14:25:36 IST" duration-ms="1108" status="PASS">
          <reporter-output>
          </reporter-output>
        </test-method> <!-- tearDown -->
        <test-method is-config="true" signature="setUp()[pri:0, instance:tests.BusBookingTest@233795b6]" started-at="2025-08-11T14:25:36 IST" name="setUp" finished-at="2025-08-11T14:25:39 IST" duration-ms="3802" status="PASS">
          <reporter-output>
          </reporter-output>
        </test-method> <!-- setUp -->
        <test-method signature="busTicketBookingFlow(java.util.Map)[pri:0, instance:tests.BusBookingTest@233795b6]" started-at="2025-08-11T14:25:39 IST" name="busTicketBookingFlow" data-provider="BusBooking" finished-at="2025-08-11T14:26:08 IST" duration-ms="28271" status="PASS">
          <params>
            <param index="0">
              <value>
                <![CDATA[{MobileNumber=7395950624, Email=manimegalai@gmail.com, travelDate=Aug 26 2025, State=Tamil Nadu, toCity=Karur, Tamil Nadu, Gender=Female, fromCity=Chennai, Tamil Nadu, Age=33, Scenario=From Chennai to Karur, Name=Manimegalai}]]>
              </value>
            </param>
          </params>
          <reporter-output>
          </reporter-output>
        </test-method> <!-- busTicketBookingFlow -->
        <test-method is-config="true" signature="tearDown()[pri:0, instance:tests.BusBookingTest@233795b6]" started-at="2025-08-11T14:26:08 IST" name="tearDown" finished-at="2025-08-11T14:26:09 IST" duration-ms="1127" status="PASS">
          <reporter-output>
          </reporter-output>
        </test-method> <!-- tearDown -->
        <test-method is-config="true" signature="setUp()[pri:0, instance:tests.BusBookingTest@233795b6]" started-at="2025-08-11T14:26:09 IST" name="setUp" finished-at="2025-08-11T14:26:13 IST" duration-ms="4084" status="PASS">
          <reporter-output>
          </reporter-output>
        </test-method> <!-- setUp -->
        <test-method signature="busTicketBookingFlow(java.util.Map)[pri:0, instance:tests.BusBookingTest@233795b6]" started-at="2025-08-11T14:26:13 IST" name="busTicketBookingFlow" data-provider="BusBooking" finished-at="2025-08-11T14:27:08 IST" duration-ms="54798" status="PASS">
          <params>
            <param index="0">
              <value>
                <![CDATA[{MobileNumber=7395950625, Email=vidhyadevi@gmail.com, travelDate=Aug 28 2025, State=Tamil Nadu, toCity=Salem, Tamil Nadu, Gender=Female, fromCity=Chennai, Tamil Nadu, Age=29, Scenario=From Chennai to Salem, Name=Vidhya}]]>
              </value>
            </param>
          </params>
          <reporter-output>
          </reporter-output>
        </test-method> <!-- busTicketBookingFlow -->
        <test-method is-config="true" signature="tearDown()[pri:0, instance:tests.BusBookingTest@233795b6]" started-at="2025-08-11T14:27:08 IST" name="tearDown" finished-at="2025-08-11T14:27:09 IST" duration-ms="1047" status="PASS">
          <reporter-output>
          </reporter-output>
        </test-method> <!-- tearDown -->
        <test-method is-config="true" signature="setUp()[pri:0, instance:tests.BusBookingTest@233795b6]" started-at="2025-08-11T14:27:09 IST" name="setUp" finished-at="2025-08-11T14:27:12 IST" duration-ms="3631" status="PASS">
          <reporter-output>
          </reporter-output>
        </test-method> <!-- setUp -->
        <test-method signature="busTicketBookingFlow(java.util.Map)[pri:0, instance:tests.BusBookingTest@233795b6]" started-at="2025-08-11T14:27:12 IST" name="busTicketBookingFlow" data-provider="BusBooking" finished-at="2025-08-11T14:28:03 IST" duration-ms="50332" status="PASS">
          <params>
            <param index="0">
              <value>
                <![CDATA[{MobileNumber=7395950626, Email=swathi@gmail.com, travelDate=Aug 30 2025, State=Tamil Nadu, toCity=Thiruvarur, Tamil Nadu, Gender=Female, fromCity=Chennai, Tamil Nadu, Age=29, Scenario=From Chennai to Thiruvarur, Name=Swathi}]]>
              </value>
            </param>
          </params>
          <reporter-output>
          </reporter-output>
        </test-method> <!-- busTicketBookingFlow -->
        <test-method is-config="true" signature="tearDown()[pri:0, instance:tests.BusBookingTest@233795b6]" started-at="2025-08-11T14:28:03 IST" name="tearDown" finished-at="2025-08-11T14:28:04 IST" duration-ms="1125" status="PASS">
          <reporter-output>
          </reporter-output>
        </test-method> <!-- tearDown -->
      </class> <!-- tests.BusBookingTest -->
    </test> <!-- Bus Booking Flow -->
  </suite> <!-- MakeMyTrip_BusBooking_Suite -->
</testng-results>
